#
# There is insufficient memory for the Java Runtime Environment to continue.
# Native memory allocation (mmap) failed to map 262144000 bytes. Error detail: G1 virtual space
# Possible reasons:
#   The system is out of physical RAM or swap space
#   This process is running with CompressedOops enabled, and the Java Heap may be blocking the growth of the native heap
# Possible solutions:
#   Reduce memory load on the system
#   Increase physical memory or swap space
#   Check if swap backing store is full
#   Decrease Java heap size (-Xmx/-Xms)
#   Decrease number of Java threads
#   Decrease Java thread stack sizes (-Xss)
#   Set larger code cache with -XX:ReservedCodeCacheSize=
#   JVM is running with Zero Based Compressed Oops mode in which the Java heap is
#     placed in the first 32GB address space. The Java Heap base address is the
#     maximum limit for the native heap growth. Please use -XX:HeapBaseMinAddress
#     to set the Java Heap base and to place the Java Heap above 32GB virtual address.
# This output file may be truncated or incomplete.
#
#  Out of Memory Error (os_windows.cpp:3898), pid=6496, tid=22728
#
# JRE version:  (21.0.7+9) (build )
# Java VM: OpenJDK 64-Bit Server VM (21.0.7+9-b895.130, mixed mode, sharing, tiered, compressed oops, compressed class ptrs, g1 gc, windows-amd64)
# No core dump will be written. Minidumps are not enabled by default on client versions of Windows
#

---------------  S U M M A R Y ------------

Command Line: git4idea.http.GitAskPassApp Username for 'https://github.com': 

Host: 13th Gen Intel(R) Core(TM) i5-13500H, 16 cores, 15G,  Windows 11 , 64 bit Build 26100 (10.0.26100.4484)
Time: Thu Jul 17 15:12:39 2025 SE Asia Standard Time elapsed time: 1.081763 seconds (0d 0h 0m 1s)

---------------  T H R E A D  ---------------

Current thread (0x000002a5c0259580):  JavaThread "Unknown thread" [_thread_in_vm, id=22728, stack(0x000000fa77300000,0x000000fa77400000) (1024K)]

Stack: [0x000000fa77300000,0x000000fa77400000]
Native frames: (J=compiled Java code, j=interpreted, Vv=VM code, C=native code)
V  [jvm.dll+0x6e6049]
V  [jvm.dll+0x8c4343]
V  [jvm.dll+0x8c689e]
V  [jvm.dll+0x8c6f83]
V  [jvm.dll+0x289266]
V  [jvm.dll+0x6e28c5]
V  [jvm.dll+0x6d634a]
V  [jvm.dll+0x36388b]
V  [jvm.dll+0x36b456]
V  [jvm.dll+0x3bd7e6]
V  [jvm.dll+0x3bdab8]
V  [jvm.dll+0x335fdc]
V  [jvm.dll+0x336ccb]
V  [jvm.dll+0x88b7a9]
V  [jvm.dll+0x3ca9b8]
V  [jvm.dll+0x8747f8]
V  [jvm.dll+0x45f3ce]
V  [jvm.dll+0x4610b1]
C  [jli.dll+0x52ab]
C  [ucrtbase.dll+0x37b0]
C  [KERNEL32.DLL+0x2e8d7]
C  [ntdll.dll+0x3c34c]


---------------  P R O C E S S  ---------------

Threads class SMR info:
_java_thread_list=0x00007fffb78db148, length=0, elements={
}

Java Threads: ( => current thread )
Total: 0

Other Threads:
  0x000002a5c02c04e0 WorkerThread "GC Thread#0"                     [id=25124, stack(0x000000fa77400000,0x000000fa77500000) (1024K)]
  0x000002a5c02d0e90 ConcurrentGCThread "G1 Main Marker"            [id=3892, stack(0x000000fa77500000,0x000000fa77600000) (1024K)]
  0x000002a5c02d1990 WorkerThread "G1 Conc#0"                       [id=26796, stack(0x000000fa77600000,0x000000fa77700000) (1024K)]

[error occurred during error reporting (printing all threads), id 0xc0000005, EXCEPTION_ACCESS_VIOLATION (0xc0000005) at pc=0x00007fffb6fc90b7]
VM state: not at safepoint (not fully initialized)

VM Mutex/Monitor currently owned by a thread:  ([mutex/lock_event])
[0x00007fffb794fab8] Heap_lock - owner thread: 0x000002a5c0259580

Heap address: 0x0000000706200000, size: 3998 MB, Compressed Oops mode: Zero based, Oop shift amount: 3

CDS archive(s) mapped at: [0x0000000000000000-0x0000000000000000-0x0000000000000000), size 0, SharedBaseAddress: 0x0000000800000000, ArchiveRelocationMode: 1.
Narrow klass base: 0x0000000000000000, Narrow klass shift: 0, Narrow klass range: 0x0

GC Precious Log:
 CardTable entry size: 512
 Card Set container configuration: InlinePtr #cards 4 size 8 Array Of Cards #cards 16 size 48 Howl #buckets 8 coarsen threshold 3686 Howl Bitmap #cards 512 size 80 coarsen threshold 460 Card regions per heap region 1 cards per card region 4096

Heap:
 garbage-first heap   total 0K, used 0K [0x0000000706200000, 0x0000000800000000)
  region size 2048K, 0 young (0K), 0 survivors (0K)
 Metaspace       used 0K, committed 0K, reserved 0K
  class space    used 0K, committed 0K, reserved 0K

Heap Regions: E=young(eden), S=young(survivor), O=old, HS=humongous(starts), HC=humongous(continues), CS=collection set, F=free, TAMS=top-at-mark-start, PB=parsable bottom

Card table byte_map: [0x000002a5d4300000,0x000002a5d4ad0000] _byte_map_base: 0x000002a5d0acf000

Marking Bits: (CMBitMap*) 0x000002a5c02c0be0
 Bits: [0x000002a5d4ad0000, 0x000002a5d8948000)

GC Heap History (0 events):
No events

Dll operation events (1 events):
Event: 0.004 Loaded shared library D:\Program Files\JetBrains\IntelliJ IDEA 2025.1.3\jbr\bin\java.dll

Deoptimization events (0 events):
No events

Classes loaded (0 events):
No events

Classes unloaded (0 events):
No events

Classes redefined (0 events):
No events

Internal exceptions (0 events):
No events

ZGC Phase Switch (0 events):
No events

VM Operations (0 events):
No events

Memory protections (0 events):
No events

Nmethod flushes (0 events):
No events

Events (0 events):
No events


Dynamic libraries:
0x00007ff7a01d0000 - 0x00007ff7a01da000 	D:\Program Files\JetBrains\IntelliJ IDEA 2025.1.3\jbr\bin\java.exe
0x00007ff82bca0000 - 0x00007ff82bf08000 	C:\WINDOWS\SYSTEM32\ntdll.dll
0x00007ff82b370000 - 0x00007ff82b439000 	C:\WINDOWS\System32\KERNEL32.DLL
0x00007ff8294e0000 - 0x00007ff8298cd000 	C:\WINDOWS\System32\KERNELBASE.dll
0x00007ff829180000 - 0x00007ff8292cb000 	C:\WINDOWS\System32\ucrtbase.dll
0x00007ff819d50000 - 0x00007ff819d6b000 	D:\Program Files\JetBrains\IntelliJ IDEA 2025.1.3\jbr\bin\VCRUNTIME140.dll
0x00007ff81a730000 - 0x00007ff81a748000 	D:\Program Files\JetBrains\IntelliJ IDEA 2025.1.3\jbr\bin\jli.dll
0x00007ff82a510000 - 0x00007ff82a6dc000 	C:\WINDOWS\System32\USER32.dll
0x00007ff8298d0000 - 0x00007ff8298f7000 	C:\WINDOWS\System32\win32u.dll
0x00007ff805120000 - 0x00007ff8053ba000 	C:\WINDOWS\WinSxS\amd64_microsoft.windows.common-controls_6595b64144ccf1df_6.0.26100.4484_none_3e0e6d4ce32ef3b3\COMCTL32.dll
0x00007ff82a6e0000 - 0x00007ff82a70b000 	C:\WINDOWS\System32\GDI32.dll
0x00007ff829ae0000 - 0x00007ff829b89000 	C:\WINDOWS\System32\msvcrt.dll
0x00007ff829900000 - 0x00007ff829a37000 	C:\WINDOWS\System32\gdi32full.dll
0x00007ff828f50000 - 0x00007ff828ff3000 	C:\WINDOWS\System32\msvcp_win.dll
0x00007ff82b550000 - 0x00007ff82b57f000 	C:\WINDOWS\System32\IMM32.DLL
0x00007ff823050000 - 0x00007ff82305c000 	D:\Program Files\JetBrains\IntelliJ IDEA 2025.1.3\jbr\bin\vcruntime140_1.dll
0x00007fffe7be0000 - 0x00007fffe7c6d000 	D:\Program Files\JetBrains\IntelliJ IDEA 2025.1.3\jbr\bin\msvcp140.dll
0x00007fffb6c80000 - 0x00007fffb7a41000 	D:\Program Files\JetBrains\IntelliJ IDEA 2025.1.3\jbr\bin\server\jvm.dll
0x00007ff82a7c0000 - 0x00007ff82a874000 	C:\WINDOWS\System32\ADVAPI32.dll
0x00007ff82b700000 - 0x00007ff82b7a6000 	C:\WINDOWS\System32\sechost.dll
0x00007ff82b7b0000 - 0x00007ff82b8c8000 	C:\WINDOWS\System32\RPCRT4.dll
0x00007ff829c40000 - 0x00007ff829cb4000 	C:\WINDOWS\System32\WS2_32.dll
0x00007ff806150000 - 0x00007ff80615b000 	C:\WINDOWS\SYSTEM32\VERSION.dll
0x00007ff81e850000 - 0x00007ff81e885000 	C:\WINDOWS\SYSTEM32\WINMM.dll
0x00007ff828c60000 - 0x00007ff828cbe000 	C:\WINDOWS\SYSTEM32\POWRPROF.dll
0x00007ff828c40000 - 0x00007ff828c54000 	C:\WINDOWS\SYSTEM32\UMPDC.dll
0x00007ff827b90000 - 0x00007ff827bab000 	C:\WINDOWS\SYSTEM32\kernel.appcore.dll
0x00007ff823020000 - 0x00007ff82302a000 	D:\Program Files\JetBrains\IntelliJ IDEA 2025.1.3\jbr\bin\jimage.dll
0x00007ff8262c0000 - 0x00007ff826501000 	C:\WINDOWS\SYSTEM32\DBGHELP.DLL
0x00007ff82b8d0000 - 0x00007ff82bc56000 	C:\WINDOWS\System32\combase.dll
0x00007ff82a880000 - 0x00007ff82a960000 	C:\WINDOWS\System32\OLEAUT32.dll
0x00007ffffb730000 - 0x00007ffffb773000 	C:\WINDOWS\SYSTEM32\dbgcore.DLL
0x00007ff828eb0000 - 0x00007ff828f49000 	C:\WINDOWS\System32\bcryptPrimitives.dll
0x00007ff819380000 - 0x00007ff8193a0000 	D:\Program Files\JetBrains\IntelliJ IDEA 2025.1.3\jbr\bin\java.dll

dbghelp: loaded successfully - version: 4.0.5 - missing functions: none
symbol engine: initialized successfully - sym options: 0x614 - pdb path: .;D:\Program Files\JetBrains\IntelliJ IDEA 2025.1.3\jbr\bin;C:\WINDOWS\SYSTEM32;C:\WINDOWS\WinSxS\amd64_microsoft.windows.common-controls_6595b64144ccf1df_6.0.26100.4484_none_3e0e6d4ce32ef3b3;D:\Program Files\JetBrains\IntelliJ IDEA 2025.1.3\jbr\bin\server

VM Arguments:
java_command: git4idea.http.GitAskPassApp Username for 'https://github.com': 
java_class_path (initial): D:/Program Files/JetBrains/IntelliJ IDEA 2025.1.3/plugins/vcs-git/lib/git4idea-rt.jar;D:/Program Files/JetBrains/IntelliJ IDEA 2025.1.3/lib/externalProcess-rt.jar
Launcher Type: SUN_STANDARD

[Global flags]
     intx CICompilerCount                          = 12                                        {product} {ergonomic}
     uint ConcGCThreads                            = 3                                         {product} {ergonomic}
     uint G1ConcRefinementThreads                  = 13                                        {product} {ergonomic}
   size_t G1HeapRegionSize                         = 2097152                                   {product} {ergonomic}
    uintx GCDrainStackTargetSize                   = 64                                        {product} {ergonomic}
   size_t InitialHeapSize                          = 262144000                                 {product} {ergonomic}
   size_t MarkStackSize                            = 4194304                                   {product} {ergonomic}
   size_t MaxHeapSize                              = 4192206848                                {product} {ergonomic}
   size_t MinHeapDeltaBytes                        = 2097152                                   {product} {ergonomic}
   size_t MinHeapSize                              = 8388608                                   {product} {ergonomic}
    uintx NonNMethodCodeHeapSize                   = 7602480                                {pd product} {ergonomic}
    uintx NonProfiledCodeHeapSize                  = 122027880                              {pd product} {ergonomic}
    uintx ProfiledCodeHeapSize                     = 122027880                              {pd product} {ergonomic}
    uintx ReservedCodeCacheSize                    = 251658240                              {pd product} {ergonomic}
     bool SegmentedCodeCache                       = true                                      {product} {ergonomic}
   size_t SoftMaxHeapSize                          = 4192206848                             {manageable} {ergonomic}
     bool UseCompressedOops                        = true                           {product lp64_product} {ergonomic}
     bool UseG1GC                                  = true                                      {product} {ergonomic}
     bool UseLargePagesIndividualAllocation        = false                                  {pd product} {ergonomic}

Logging:
Log output configuration:
 #0: stdout all=warning uptime,level,tags foldmultilines=false
 #1: stderr all=off uptime,level,tags foldmultilines=false

Environment Variables:
PATH=C:/Program Files/Git/mingw64/libexec/git-core;C:/Program Files/Git/mingw64/libexec/git-core;C:\Program Files\Git\mingw64\bin;C:\Program Files\Git\usr\bin;C:\Users\Asus\bin;C:\WINDOWS\system32;C:\WINDOWS;C:\WINDOWS\System32\Wbem;C:\WINDOWS\System32\WindowsPowerShell\v1.0\;C:\WINDOWS\System32\OpenSSH\;C:\Program Files\nodejs\;C:\Program Files\Git\cmd;C:\Users\Asus\AppData\Local\Microsoft\WindowsApps;C:\Users\Asus\AppData\Local\Programs\Microsoft VS Code\bin;C:\Users\Asus\AppData\Roaming\npm;C:\Users\Asus\AppData\Local\GitHubDesktop\bin
USERNAME=Asus
DISPLAY=:0.0
LC_ALL=en_US.UTF-8
TERM=xterm-256color
TMPDIR=C:\Users\Asus\AppData\Local\Temp
OS=Windows_NT
PROCESSOR_IDENTIFIER=Intel64 Family 6 Model 186 Stepping 2, GenuineIntel
TMP=C:\Users\Asus\AppData\Local\Temp
TEMP=C:\Users\Asus\AppData\Local\Temp




Periodic native trim disabled

JNI global refs:
JNI global refs: 0, weak refs: 0

JNI global refs memory usage: 0, weak refs: 0

Process memory usage:
Resident Set Size: 13100K (0% of 16370304K total physical memory with 1169412K free physical memory)

OOME stack traces (most recent first):
Classloader memory used:

---------------  S Y S T E M  ---------------

OS:
 Windows 11 , 64 bit Build 26100 (10.0.26100.4484)
OS uptime: 2 days 5:09 hours

CPU: total 16 (initial active 16) (8 cores per cpu, 2 threads per core) family 6 model 186 stepping 2 microcode 0x4121, cx8, cmov, fxsr, ht, mmx, 3dnowpref, sse, sse2, sse3, ssse3, sse4.1, sse4.2, popcnt, lzcnt, tsc, tscinvbit, avx, avx2, aes, erms, clmul, bmi1, bmi2, adx, sha, fma, vzeroupper, clflush, clflushopt, clwb, serialize, rdtscp, rdpid, fsrm, f16c, pku, cet_ibt, cet_ss
Processor Information for processor 0
  Max Mhz: 2600, Current Mhz: 2600, Mhz Limit: 2600
Processor Information for processor 1
  Max Mhz: 2600, Current Mhz: 1496, Mhz Limit: 2600
Processor Information for processor 2
  Max Mhz: 2600, Current Mhz: 2600, Mhz Limit: 2600
Processor Information for processor 3
  Max Mhz: 2600, Current Mhz: 1496, Mhz Limit: 2600
Processor Information for processor 4
  Max Mhz: 2600, Current Mhz: 2600, Mhz Limit: 2600
Processor Information for processor 5
  Max Mhz: 2600, Current Mhz: 2600, Mhz Limit: 2600
Processor Information for processor 6
  Max Mhz: 2600, Current Mhz: 2600, Mhz Limit: 2600
Processor Information for processor 7
  Max Mhz: 2600, Current Mhz: 2600, Mhz Limit: 2600
Processor Information for processor 8
  Max Mhz: 2600, Current Mhz: 2600, Mhz Limit: 2600
Processor Information for processor 9
  Max Mhz: 2600, Current Mhz: 2600, Mhz Limit: 2600
Processor Information for processor 10
  Max Mhz: 2600, Current Mhz: 1505, Mhz Limit: 2600
Processor Information for processor 11
  Max Mhz: 2600, Current Mhz: 2600, Mhz Limit: 2600
Processor Information for processor 12
  Max Mhz: 2600, Current Mhz: 2600, Mhz Limit: 2600
Processor Information for processor 13
  Max Mhz: 2600, Current Mhz: 1505, Mhz Limit: 2600
Processor Information for processor 14
  Max Mhz: 2600, Current Mhz: 2600, Mhz Limit: 2600
Processor Information for processor 15
  Max Mhz: 2600, Current Mhz: 2600, Mhz Limit: 2600

Memory: 4k page, system-wide physical 15986M (1142M free)
TotalPageFile size 28692M (AvailPageFile size 250M)
current process WorkingSet (physical memory assigned to process): 12M, peak: 12M
current process commit charge ("private bytes"): 70M, peak: 320M

vm_info: OpenJDK 64-Bit Server VM (21.0.7+9-b895.130) for windows-amd64 JRE (21.0.7+9-b895.130), built on 2025-05-13 by "builduser" with MS VC++ 16.10 / 16.11 (VS2019)

END.
